<?xml version="1.0" encoding="UTF-8"?>
<testng-results ignored="35" total="36" passed="1" failed="0" skipped="0">
  <reporter-output>
  </reporter-output>
  <suite started-at="2023-12-12T20:38:23 CST" name="Default suite" finished-at="2023-12-12T20:39:05 CST" duration-ms="41500">
    <groups>
    </groups>
    <test started-at="2023-12-12T20:38:23 CST" name="Default test" finished-at="2023-12-12T20:39:05 CST" duration-ms="41500">
      <class name="com.automation.tests.AutomationScripts">
        <test-method is-config="true" signature="setUpForBeforeTest()[pri:0, instance:com.automation.tests.AutomationScripts@55a147cc]" started-at="2023-12-12T20:38:23 CST" name="setUpForBeforeTest" finished-at="2023-12-12T20:38:24 CST" duration-ms="869" status="PASS">
          <reporter-output>
          </reporter-output>
        </test-method> <!-- setUpForBeforeTest -->
        <test-method is-config="true" signature="setUpBeforeTestMethod(java.lang.String)[pri:0, instance:com.automation.tests.AutomationScripts@55a147cc]" started-at="2023-12-12T20:38:24 CST" name="setUpBeforeTestMethod" finished-at="2023-12-12T20:38:32 CST" duration-ms="7621" status="PASS">
          <params>
            <param index="0">
              <value>
                <![CDATA[chrome]]>
              </value>
            </param>
          </params>
          <reporter-output>
          </reporter-output>
        </test-method> <!-- setUpBeforeTestMethod -->
        <test-method signature="TestId_TC36()[pri:0, instance:com.automation.tests.AutomationScripts@55a147cc]" started-at="2023-12-12T20:38:32 CST" name="TestId_TC36" finished-at="2023-12-12T20:39:05 CST" duration-ms="32937" status="PASS">
          <reporter-output>
          </reporter-output>
        </test-method> <!-- TestId_TC36 -->
        <test-method is-config="true" signature="tearDownAfterTestMethod()[pri:0, instance:com.automation.tests.AutomationScripts@55a147cc]" started-at="2023-12-12T20:39:05 CST" name="tearDownAfterTestMethod" finished-at="2023-12-12T20:39:05 CST" duration-ms="1" status="PASS">
          <reporter-output>
          </reporter-output>
        </test-method> <!-- tearDownAfterTestMethod -->
      </class> <!-- com.automation.tests.AutomationScripts -->
    </test> <!-- Default test -->
  </suite> <!-- Default suite -->
</testng-results>
