<?xml version="1.0" encoding="UTF-8"?>
<testng-results ignored="10" total="11" passed="1" failed="0" skipped="0">
  <reporter-output>
  </reporter-output>
  <suite started-at="2023-06-16T23:23:05 CDT" name="Default suite" finished-at="2023-06-16T23:24:46 CDT" duration-ms="101044">
    <groups>
    </groups>
    <test started-at="2023-06-16T23:23:05 CDT" name="Default test" finished-at="2023-06-16T23:24:46 CDT" duration-ms="101044">
      <class name="com.automation.tests.AutomationScripts">
        <test-method is-config="true" signature="setUpForBeforeTest()[pri:0, instance:com.automation.tests.AutomationScripts@72e5a8e]" started-at="2023-06-16T23:23:05 CDT" name="setUpForBeforeTest" finished-at="2023-06-16T23:23:06 CDT" duration-ms="961" status="PASS">
          <reporter-output>
          </reporter-output>
        </test-method> <!-- setUpForBeforeTest -->
        <test-method is-config="true" signature="setUpBeforeTestMethod(java.lang.String)[pri:0, instance:com.automation.tests.AutomationScripts@72e5a8e]" started-at="2023-06-16T23:23:06 CDT" name="setUpBeforeTestMethod" finished-at="2023-06-16T23:23:54 CDT" duration-ms="47197" status="PASS">
          <params>
            <param index="0">
              <value>
                <![CDATA[chrome]]>
              </value>
            </param>
          </params>
          <reporter-output>
          </reporter-output>
        </test-method> <!-- setUpBeforeTestMethod -->
        <test-method signature="TestId_TC10()[pri:0, instance:com.automation.tests.AutomationScripts@72e5a8e]" started-at="2023-06-16T23:23:54 CDT" name="TestId_TC10" finished-at="2023-06-16T23:24:46 CDT" duration-ms="52807" status="PASS">
          <reporter-output>
          </reporter-output>
        </test-method> <!-- TestId_TC10 -->
        <test-method is-config="true" signature="tearDownAfterTestMethod()[pri:0, instance:com.automation.tests.AutomationScripts@72e5a8e]" started-at="2023-06-16T23:24:46 CDT" name="tearDownAfterTestMethod" finished-at="2023-06-16T23:24:46 CDT" duration-ms="0" status="PASS">
          <reporter-output>
          </reporter-output>
        </test-method> <!-- tearDownAfterTestMethod -->
      </class> <!-- com.automation.tests.AutomationScripts -->
    </test> <!-- Default test -->
  </suite> <!-- Default suite -->
</testng-results>
