<?xml version="1.0" encoding="UTF-8"?>
<!-- Generated by org.testng.reporters.JUnitXMLReporter -->
<testsuite ignored="36" hostname="DESKTOP-HFOS23S" failures="0" tests="1" name="Default test" time="31.088" errors="0" timestamp="2023-12-14T09:43:01 CST">
  <testcase classname="com.automation.tests.AutomationScripts" name="TestId_TC08" time="22.064"/>
  <testcase classname="com.automation.tests.AutomationScripts" name="TestId_TC20" time="0.0">
    <ignored/>
  </testcase> <!-- TestId_TC20 -->
  <testcase classname="com.automation.tests.AutomationScripts" name="TestId_TC30" time="0.0">
    <ignored/>
  </testcase> <!-- TestId_TC30 -->
  <testcase classname="com.automation.tests.AutomationScripts" name="forgot_Password_4A" time="0.0">
    <ignored/>
  </testcase> <!-- forgot_Password_4A -->
  <testcase classname="com.automation.tests.AutomationScripts" name="login_to_SalesForce_2" time="0.0">
    <ignored/>
  </testcase> <!-- login_to_SalesForce_2 -->
  <testcase classname="com.automation.tests.AutomationScripts" name="TestId_TC18" time="0.0">
    <ignored/>
  </testcase> <!-- TestId_TC18 -->
  <testcase classname="com.automation.tests.AutomationScripts" name="TestId_TC28" time="0.0">
    <ignored/>
  </testcase> <!-- TestId_TC28 -->
  <testcase classname="com.automation.tests.AutomationScripts" name="TestId_TC06" time="0.0">
    <ignored/>
  </testcase> <!-- TestId_TC06 -->
  <testcase classname="com.automation.tests.AutomationScripts" name="TestId_TC16" time="0.0">
    <ignored/>
  </testcase> <!-- TestId_TC16 -->
  <testcase classname="com.automation.tests.AutomationScripts" name="login_Error_Message_1" time="0.0">
    <ignored/>
  </testcase> <!-- login_Error_Message_1 -->
  <testcase classname="com.automation.tests.AutomationScripts" name="TestId_TC26" time="0.0">
    <ignored/>
  </testcase> <!-- TestId_TC26 -->
  <testcase classname="com.automation.tests.AutomationScripts" name="TestId_TC36" time="0.0">
    <ignored/>
  </testcase> <!-- TestId_TC36 -->
  <testcase classname="com.automation.tests.AutomationScripts" name="TestId_TC14" time="0.0">
    <ignored/>
  </testcase> <!-- TestId_TC14 -->
  <testcase classname="com.automation.tests.AutomationScripts" name="TestId_TC24" time="0.0">
    <ignored/>
  </testcase> <!-- TestId_TC24 -->
  <testcase classname="com.automation.tests.AutomationScripts" name="check_remember_me_3" time="0.0">
    <ignored/>
  </testcase> <!-- check_remember_me_3 -->
  <testcase classname="com.automation.tests.AutomationScripts" name="TestId_TC34" time="0.0">
    <ignored/>
  </testcase> <!-- TestId_TC34 -->
  <testcase classname="com.automation.tests.AutomationScripts" name="TestId_TC12" time="0.0">
    <ignored/>
  </testcase> <!-- TestId_TC12 -->
  <testcase classname="com.automation.tests.AutomationScripts" name="TestId_TC22" time="0.0">
    <ignored/>
  </testcase> <!-- TestId_TC22 -->
  <testcase classname="com.automation.tests.AutomationScripts" name="TestId_TC32" time="0.0">
    <ignored/>
  </testcase> <!-- TestId_TC32 -->
  <testcase classname="com.automation.tests.AutomationScripts" name="TestId_TC10" time="0.0">
    <ignored/>
  </testcase> <!-- TestId_TC10 -->
  <testcase classname="com.automation.tests.AutomationScripts" name="TestId_TC31" time="0.0">
    <ignored/>
  </testcase> <!-- TestId_TC31 -->
  <testcase classname="com.automation.tests.AutomationScripts" name="forgot_Password_4B" time="0.0">
    <ignored/>
  </testcase> <!-- forgot_Password_4B -->
  <testcase classname="com.automation.tests.AutomationScripts" name="TestId_TC09" time="0.0">
    <ignored/>
  </testcase> <!-- TestId_TC09 -->
  <testcase classname="com.automation.tests.AutomationScripts" name="TestId_TC29" time="0.0">
    <ignored/>
  </testcase> <!-- TestId_TC29 -->
  <testcase classname="com.automation.tests.AutomationScripts" name="TestId_TC07" time="0.0">
    <ignored/>
  </testcase> <!-- TestId_TC07 -->
  <testcase classname="com.automation.tests.AutomationScripts" name="TestId_TC17" time="0.0">
    <ignored/>
  </testcase> <!-- TestId_TC17 -->
  <testcase classname="com.automation.tests.AutomationScripts" name="TestId_TC27" time="0.0">
    <ignored/>
  </testcase> <!-- TestId_TC27 -->
  <testcase classname="com.automation.tests.AutomationScripts" name="TestId_TC05" time="0.0">
    <ignored/>
  </testcase> <!-- TestId_TC05 -->
  <testcase classname="com.automation.tests.AutomationScripts" name="TestId_TC37" time="0.0">
    <ignored/>
  </testcase> <!-- TestId_TC37 -->
  <testcase classname="com.automation.tests.AutomationScripts" name="TestId_TC15" time="0.0">
    <ignored/>
  </testcase> <!-- TestId_TC15 -->
  <testcase classname="com.automation.tests.AutomationScripts" name="TestId_TC25" time="0.0">
    <ignored/>
  </testcase> <!-- TestId_TC25 -->
  <testcase classname="com.automation.tests.AutomationScripts" name="TestId_TC35" time="0.0">
    <ignored/>
  </testcase> <!-- TestId_TC35 -->
  <testcase classname="com.automation.tests.AutomationScripts" name="TestId_TC13" time="0.0">
    <ignored/>
  </testcase> <!-- TestId_TC13 -->
  <testcase classname="com.automation.tests.AutomationScripts" name="TestId_TC23" time="0.0">
    <ignored/>
  </testcase> <!-- TestId_TC23 -->
  <testcase classname="com.automation.tests.AutomationScripts" name="TestId_TC33" time="0.0">
    <ignored/>
  </testcase> <!-- TestId_TC33 -->
  <testcase classname="com.automation.tests.AutomationScripts" name="TestId_TC11" time="0.0">
    <ignored/>
  </testcase> <!-- TestId_TC11 -->
  <testcase classname="com.automation.tests.AutomationScripts" name="TestId_TC21" time="0.0">
    <ignored/>
  </testcase> <!-- TestId_TC21 -->
</testsuite> <!-- Default test -->
