<?xml version="1.0" encoding="UTF-8"?>
<!-- Generated by org.testng.reporters.JUnitXMLReporter -->
<testsuite ignored="10" hostname="DESKTOP-HFOS23S" failures="0" tests="1" name="Default test" time="101.044" errors="0" timestamp="2023-06-16T23:24:46 CDT">
  <testcase classname="com.automation.tests.AutomationScripts" name="TestId_TC10" time="52.807"/>
  <testcase classname="com.automation.tests.AutomationScripts" name="check_remember_me_3" time="0.0">
    <ignored/>
  </testcase> <!-- check_remember_me_3 -->
  <testcase classname="com.automation.tests.AutomationScripts" name="TestId_TC09" time="0.0">
    <ignored/>
  </testcase> <!-- TestId_TC09 -->
  <testcase classname="com.automation.tests.AutomationScripts" name="TestId_TC08" time="0.0">
    <ignored/>
  </testcase> <!-- TestId_TC08 -->
  <testcase classname="com.automation.tests.AutomationScripts" name="TestId_TC07" time="0.0">
    <ignored/>
  </testcase> <!-- TestId_TC07 -->
  <testcase classname="com.automation.tests.AutomationScripts" name="TestId_TC06" time="0.0">
    <ignored/>
  </testcase> <!-- TestId_TC06 -->
  <testcase classname="com.automation.tests.AutomationScripts" name="login_to_SalesForce_2" time="0.0">
    <ignored/>
  </testcase> <!-- login_to_SalesForce_2 -->
  <testcase classname="com.automation.tests.AutomationScripts" name="forgot_Password_4B" time="0.0">
    <ignored/>
  </testcase> <!-- forgot_Password_4B -->
  <testcase classname="com.automation.tests.AutomationScripts" name="TestId_TC05" time="0.0">
    <ignored/>
  </testcase> <!-- TestId_TC05 -->
  <testcase classname="com.automation.tests.AutomationScripts" name="login_Error_Message_1" time="0.0">
    <ignored/>
  </testcase> <!-- login_Error_Message_1 -->
  <testcase classname="com.automation.tests.AutomationScripts" name="forgot_Password_4A" time="0.0">
    <ignored/>
  </testcase> <!-- forgot_Password_4A -->
</testsuite> <!-- Default test -->
